<?xml version="1.0" encoding="UTF-8"?>
<!-- Generated by org.testng.reporters.JUnitXMLReporter -->
<testsuite hostname="Administrators-MacBook-Pro.local" ignored="0" name="Test" tests="2" failures="0" timestamp="2022-02-03T22:13:25 GST" time="18.471" errors="0">
  <testcase name="basePageNavigation" time="11.31" classname="com.console.automation.SeleniumFramework.Login"/>
  <testcase name="basePageNavigation" time="7.127" classname="com.console.automation.SeleniumFramework.HomePage"/>
</testsuite> <!-- Test -->
