<?xml version="1.0" encoding="UTF-8"?>
<!-- Generated by org.testng.reporters.JUnitXMLReporter -->
<testsuite hostname="Administrators-MacBook-Pro.local" ignored="0" name="Verify Register Functionality" tests="6" failures="0" timestamp="2022-02-10T15:10:08 GST" time="30.233" errors="0">
  <testcase name="Test1" time="5.439" classname="com.console.automation.AppiumTestNGFramework.Category"/>
  <testcase name="Test2" time="1.659" classname="com.console.automation.AppiumTestNGFramework.Category"/>
  <testcase name="Test3" time="7.555" classname="com.console.automation.AppiumTestNGFramework.Category"/>
  <testcase name="Test4" time="10.255" classname="com.console.automation.AppiumTestNGFramework.Category"/>
  <testcase name="Test5" time="5.297" classname="com.console.automation.AppiumTestNGFramework.Category"/>
  <testcase name="Test6" time="0.0" classname="com.console.automation.AppiumTestNGFramework.Category"/>
</testsuite> <!-- Verify Register Functionality -->
